
Showing logs for build [32mcb-kubecd-bdd-spring-1570609081-ft4n2-1[0m stage [32mfrom-build-pack[0m and container [32mstep-credential-initializer-8tzw5[0m
{"level":"warn","ts":1570609981.5805216,"logger":"fallback-logger","caller":"logging/config.go:69","msg":"Fetch GitHub commit ID from kodata failed: \"ref: refs/heads/master\" is not a valid GitHub commit ID"}
{"level":"info","ts":1570609981.5809884,"logger":"fallback-logger","caller":"creds-init/main.go:40","msg":"Credentials initialized."}

Showing logs for build [32mcb-kubecd-bdd-spring-1570609081-ft4n2-1[0m stage [32mfrom-build-pack[0m and container [32mstep-working-dir-initializer-6v4hm[0m
{"level":"warn","ts":1570609982.9587083,"logger":"fallback-logger","caller":"logging/config.go:69","msg":"Fetch GitHub commit ID from kodata failed: open /var/run/ko/HEAD: no such file or directory"}
{"level":"info","ts":1570609982.9599888,"logger":"fallback-logger","caller":"bash/main.go:65","msg":"Successfully executed command \"mkdir -p /workspace/source /workspace/source/charts/preview\""}

Showing logs for build [32mcb-kubecd-bdd-spring-1570609081-ft4n2-1[0m stage [32mfrom-build-pack[0m and container [32mstep-place-tools[0m

Showing logs for build [32mcb-kubecd-bdd-spring-1570609081-ft4n2-1[0m stage [32mfrom-build-pack[0m and container [32mstep-git-source-cb-kubecd-bdd-spring-1570609081-fgrcf[0m
{"level":"warn","ts":1570609990.8722787,"logger":"fallback-logger","caller":"logging/config.go:69","msg":"Fetch GitHub commit ID from kodata failed: \"ref: refs/heads/master\" is not a valid GitHub commit ID"}
{"level":"info","ts":1570609992.072575,"logger":"fallback-logger","caller":"git/git.go:102","msg":"Successfully cloned https://github.com/cb-kubecd/bdd-spring-1570609081.git @ 26a77998a4baeadc5c1b2a69519b1e60345a2a2a in path /workspace/source"}

Showing logs for build [32mcb-kubecd-bdd-spring-1570609081-ft4n2-1[0m stage [32mfrom-build-pack[0m and container [32mstep-git-merge[0m
Using SHAs from PULL_REFS=master:161abccc37543e448f181719a200f0fb6c76c3eb,1:26a77998a4baeadc5c1b2a69519b1e60345a2a2a
DEBUG: ran git fetch --unshallow origin 26a77998a4baeadc5c1b2a69519b1e60345a2a2a: 161abccc37543e448f181719a200f0fb6c76c3eb: in 
DEBUG: ran git checkout master in 
DEBUG: ran git reset --hard 161abccc37543e448f181719a200f0fb6c76c3eb in 
DEBUG: ran clean --force -d . in 
DEBUG: ran git merge 26a77998a4baeadc5c1b2a69519b1e60345a2a2a in 
Merged SHA 26a77998a4baeadc5c1b2a69519b1e60345a2a2a with commit message 'My first PR commit' into base branch master

Showing logs for build [32mcb-kubecd-bdd-spring-1570609081-ft4n2-1[0m stage [32mfrom-build-pack[0m and container [32mstep-build-set-version[0m
Picked up _JAVA_OPTIONS: -XX:+UnlockExperimentalVMOptions -XX:+UseCGroupMemoryLimitForHeap -Dsun.zip.disableMemoryMapping=true -XX:+UseParallelGC -XX:MinHeapFreeRatio=5 -XX:MaxHeapFreeRatio=10 -XX:GCTimeRatio=4 -XX:AdaptiveSizePolicyWeight=90 -Xms10m -Xmx192m
OpenJDK 64-Bit Server VM warning: If the number of processors is expected to increase from one, then you should configure the number of parallel GC threads appropriately using -XX:ParallelGCThreads=N
[INFO] Scanning for projects...
[INFO] 
[INFO] -----------------< com.example:bdd-spring-1570609081 >------------------
[INFO] Building demo 0.0.1-SNAPSHOT
[INFO] --------------------------------[ jar ]---------------------------------
[INFO] 
[INFO] --- versions-maven-plugin:2.7:set (default-cli) @ bdd-spring-1570609081 ---
[INFO] Searching for local aggregator root...
[INFO] Local aggregation root: /workspace/source
[INFO] Processing change of com.example:bdd-spring-1570609081:0.0.1-SNAPSHOT -> 0.0.0-SNAPSHOT-PR-1-1
[INFO] Processing com.example:bdd-spring-1570609081
[INFO]     Updating project com.example:bdd-spring-1570609081
[INFO]         from version 0.0.1-SNAPSHOT to 0.0.0-SNAPSHOT-PR-1-1
[INFO] 
[INFO] ------------------------------------------------------------------------
[INFO] BUILD SUCCESS
[INFO] ------------------------------------------------------------------------
[INFO] Total time:  26.864 s
[INFO] Finished at: 2019-10-09T08:33:44Z
[INFO] ------------------------------------------------------------------------

Showing logs for build [32mcb-kubecd-bdd-spring-1570609081-ft4n2-1[0m stage [32mfrom-build-pack[0m and container [32mstep-build-mvn-install[0m
Picked up _JAVA_OPTIONS: -XX:+UnlockExperimentalVMOptions -XX:+UseCGroupMemoryLimitForHeap -Dsun.zip.disableMemoryMapping=true -XX:+UseParallelGC -XX:MinHeapFreeRatio=5 -XX:MaxHeapFreeRatio=10 -XX:GCTimeRatio=4 -XX:AdaptiveSizePolicyWeight=90 -Xms10m -Xmx192m
OpenJDK 64-Bit Server VM warning: If the number of processors is expected to increase from one, then you should configure the number of parallel GC threads appropriately using -XX:ParallelGCThreads=N
[INFO] Scanning for projects...
[INFO] 
[INFO] -----------------< com.example:bdd-spring-1570609081 >------------------
[INFO] Building demo 0.0.0-SNAPSHOT-PR-1-1
[INFO] --------------------------------[ jar ]---------------------------------
[INFO] 
[INFO] --- maven-resources-plugin:3.1.0:resources (default-resources) @ bdd-spring-1570609081 ---
[INFO] Using 'UTF-8' encoding to copy filtered resources.
[INFO] Copying 1 resource
[INFO] Copying 0 resource
[INFO] 
[INFO] --- maven-compiler-plugin:3.8.1:compile (default-compile) @ bdd-spring-1570609081 ---
[INFO] Changes detected - recompiling the module!
[INFO] Compiling 1 source file to /workspace/source/target/classes
[INFO] 
[INFO] --- maven-resources-plugin:3.1.0:testResources (default-testResources) @ bdd-spring-1570609081 ---
[INFO] Using 'UTF-8' encoding to copy filtered resources.
[INFO] skip non existing resourceDirectory /workspace/source/src/test/resources
[INFO] 
[INFO] --- maven-compiler-plugin:3.8.1:testCompile (default-testCompile) @ bdd-spring-1570609081 ---
[INFO] Changes detected - recompiling the module!
[INFO] Compiling 1 source file to /workspace/source/target/test-classes
[INFO] 
[INFO] --- maven-surefire-plugin:3.0.0-M1:test (default-test) @ bdd-spring-1570609081 ---
[INFO] 
[INFO] -------------------------------------------------------
[INFO]  T E S T S
[INFO] -------------------------------------------------------
[INFO] Running com.example.bddspring1570609081.DemoApplicationTests
08:34:00.300 [main] DEBUG org.springframework.test.context.junit4.SpringJUnit4ClassRunner - SpringJUnit4ClassRunner constructor called with [class com.example.bddspring1570609081.DemoApplicationTests]
08:34:00.329 [main] DEBUG org.springframework.test.context.BootstrapUtils - Instantiating CacheAwareContextLoaderDelegate from class [org.springframework.test.context.cache.DefaultCacheAwareContextLoaderDelegate]
08:34:00.345 [main] DEBUG org.springframework.test.context.BootstrapUtils - Instantiating BootstrapContext using constructor [public org.springframework.test.context.support.DefaultBootstrapContext(java.lang.Class,org.springframework.test.context.CacheAwareContextLoaderDelegate)]
08:34:00.387 [main] DEBUG org.springframework.test.context.BootstrapUtils - Instantiating TestContextBootstrapper for test class [com.example.bddspring1570609081.DemoApplicationTests] from class [org.springframework.boot.test.context.SpringBootTestContextBootstrapper]
08:34:00.416 [main] INFO org.springframework.boot.test.context.SpringBootTestContextBootstrapper - Neither @ContextConfiguration nor @ContextHierarchy found for test class [com.example.bddspring1570609081.DemoApplicationTests], using SpringBootContextLoader
08:34:00.423 [main] DEBUG org.springframework.test.context.support.AbstractContextLoader - Did not detect default resource location for test class [com.example.bddspring1570609081.DemoApplicationTests]: class path resource [com/example/bddspring1570609081/DemoApplicationTests-context.xml] does not exist
08:34:00.424 [main] DEBUG org.springframework.test.context.support.AbstractContextLoader - Did not detect default resource location for test class [com.example.bddspring1570609081.DemoApplicationTests]: class path resource [com/example/bddspring1570609081/DemoApplicationTestsContext.groovy] does not exist
08:34:00.429 [main] INFO org.springframework.test.context.support.AbstractContextLoader - Could not detect default resource locations for test class [com.example.bddspring1570609081.DemoApplicationTests]: no resource found for suffixes {-context.xml, Context.groovy}.
08:34:00.432 [main] INFO org.springframework.test.context.support.AnnotationConfigContextLoaderUtils - Could not detect default configuration classes for test class [com.example.bddspring1570609081.DemoApplicationTests]: DemoApplicationTests does not declare any static, non-private, non-final, nested classes annotated with @Configuration.
08:34:00.549 [main] DEBUG org.springframework.test.context.support.ActiveProfilesUtils - Could not find an 'annotation declaring class' for annotation type [org.springframework.test.context.ActiveProfiles] and class [com.example.bddspring1570609081.DemoApplicationTests]
08:34:00.693 [main] DEBUG org.springframework.context.annotation.ClassPathScanningCandidateComponentProvider - Identified candidate component class: file [/workspace/source/target/classes/com/example/bddspring1570609081/DemoApplication.class]
08:34:00.698 [main] INFO org.springframework.boot.test.context.SpringBootTestContextBootstrapper - Found @SpringBootConfiguration com.example.bddspring1570609081.DemoApplication for test class com.example.bddspring1570609081.DemoApplicationTests
08:34:00.865 [main] DEBUG org.springframework.boot.test.context.SpringBootTestContextBootstrapper - @TestExecutionListeners is not present for class [com.example.bddspring1570609081.DemoApplicationTests]: using defaults.
08:34:00.872 [main] INFO org.springframework.boot.test.context.SpringBootTestContextBootstrapper - Loaded default TestExecutionListener class names from location [META-INF/spring.factories]: [org.springframework.boot.test.mock.mockito.MockitoTestExecutionListener, org.springframework.boot.test.mock.mockito.ResetMocksTestExecutionListener, org.springframework.boot.test.autoconfigure.restdocs.RestDocsTestExecutionListener, org.springframework.boot.test.autoconfigure.web.client.MockRestServiceServerResetTestExecutionListener, org.springframework.boot.test.autoconfigure.web.servlet.MockMvcPrintOnlyOnFailureTestExecutionListener, org.springframework.boot.test.autoconfigure.web.servlet.WebDriverTestExecutionListener, org.springframework.test.context.web.ServletTestExecutionListener, org.springframework.test.context.support.DirtiesContextBeforeModesTestExecutionListener, org.springframework.test.context.support.DependencyInjectionTestExecutionListener, org.springframework.test.context.support.DirtiesContextTestExecutionListener, org.springframework.test.context.transaction.TransactionalTestExecutionListener, org.springframework.test.context.jdbc.SqlScriptsTestExecutionListener]
08:34:00.904 [main] DEBUG org.springframework.boot.test.context.SpringBootTestContextBootstrapper - Skipping candidate TestExecutionListener [org.springframework.test.context.transaction.TransactionalTestExecutionListener] due to a missing dependency. Specify custom listener classes or make the default listener classes and their required dependencies available. Offending class: [org/springframework/transaction/TransactionDefinition]
08:34:00.912 [main] DEBUG org.springframework.boot.test.context.SpringBootTestContextBootstrapper - Skipping candidate TestExecutionListener [org.springframework.test.context.jdbc.SqlScriptsTestExecutionListener] due to a missing dependency. Specify custom listener classes or make the default listener classes and their required dependencies available. Offending class: [org/springframework/transaction/interceptor/TransactionAttribute]
08:34:00.919 [main] INFO org.springframework.boot.test.context.SpringBootTestContextBootstrapper - Using TestExecutionListeners: [org.springframework.test.context.web.ServletTestExecutionListener@3911c2a7, org.springframework.test.context.support.DirtiesContextBeforeModesTestExecutionListener@4ac3c60d, org.springframework.boot.test.mock.mockito.MockitoTestExecutionListener@4facf68f, org.springframework.boot.test.autoconfigure.SpringBootDependencyInjectionTestExecutionListener@76508ed1, org.springframework.test.context.support.DirtiesContextTestExecutionListener@41e36e46, org.springframework.boot.test.mock.mockito.ResetMocksTestExecutionListener@15c43bd9, org.springframework.boot.test.autoconfigure.restdocs.RestDocsTestExecutionListener@3d74bf60, org.springframework.boot.test.autoconfigure.web.client.MockRestServiceServerResetTestExecutionListener@4f209819, org.springframework.boot.test.autoconfigure.web.servlet.MockMvcPrintOnlyOnFailureTestExecutionListener@15eb5ee5, org.springframework.boot.test.autoconfigure.web.servlet.WebDriverTestExecutionListener@2145b572]
08:34:00.927 [main] DEBUG org.springframework.test.annotation.ProfileValueUtils - Retrieved @ProfileValueSourceConfiguration [null] for test class [com.example.bddspring1570609081.DemoApplicationTests]
08:34:00.929 [main] DEBUG org.springframework.test.annotation.ProfileValueUtils - Retrieved ProfileValueSource type [class org.springframework.test.annotation.SystemProfileValueSource] for class [com.example.bddspring1570609081.DemoApplicationTests]
08:34:00.934 [main] DEBUG org.springframework.test.annotation.ProfileValueUtils - Retrieved @ProfileValueSourceConfiguration [null] for test class [com.example.bddspring1570609081.DemoApplicationTests]
08:34:00.936 [main] DEBUG org.springframework.test.annotation.ProfileValueUtils - Retrieved ProfileValueSource type [class org.springframework.test.annotation.SystemProfileValueSource] for class [com.example.bddspring1570609081.DemoApplicationTests]
08:34:00.939 [main] DEBUG org.springframework.test.annotation.ProfileValueUtils - Retrieved @ProfileValueSourceConfiguration [null] for test class [com.example.bddspring1570609081.DemoApplicationTests]
08:34:00.940 [main] DEBUG org.springframework.test.annotation.ProfileValueUtils - Retrieved ProfileValueSource type [class org.springframework.test.annotation.SystemProfileValueSource] for class [com.example.bddspring1570609081.DemoApplicationTests]
08:34:00.951 [main] DEBUG org.springframework.test.context.support.AbstractDirtiesContextTestExecutionListener - Before test class: context [DefaultTestContext@7714e963 testClass = DemoApplicationTests, testInstance = [null], testMethod = [null], testException = [null], mergedContextConfiguration = [WebMergedContextConfiguration@20ce78ec testClass = DemoApplicationTests, locations = '{}', classes = '{class com.example.bddspring1570609081.DemoApplication}', contextInitializerClasses = '[]', activeProfiles = '{}', propertySourceLocations = '{}', propertySourceProperties = '{org.springframework.boot.test.context.SpringBootTestContextBootstrapper=true}', contextCustomizers = set[org.springframework.boot.test.context.filter.ExcludeFilterContextCustomizer@4e7dc304, org.springframework.boot.test.json.DuplicateJsonObjectContextCustomizerFactory$DuplicateJsonObjectContextCustomizer@48503868, org.springframework.boot.test.mock.mockito.MockitoContextCustomizer@0, org.springframework.boot.test.web.client.TestRestTemplateContextCustomizer@1f57539, org.springframework.boot.test.autoconfigure.properties.PropertyMappingContextCustomizer@0, org.springframework.boot.test.autoconfigure.web.servlet.WebDriverContextCustomizerFactory$Customizer@bd8db5a], resourceBasePath = 'src/main/webapp', contextLoader = 'org.springframework.boot.test.context.SpringBootContextLoader', parent = [null]], attributes = map['org.springframework.test.context.web.ServletTestExecutionListener.activateListener' -> true]], class annotated with @DirtiesContext [false] with mode [null].
08:34:00.959 [main] DEBUG org.springframework.test.annotation.ProfileValueUtils - Retrieved @ProfileValueSourceConfiguration [null] for test class [com.example.bddspring1570609081.DemoApplicationTests]
08:34:00.960 [main] DEBUG org.springframework.test.annotation.ProfileValueUtils - Retrieved ProfileValueSource type [class org.springframework.test.annotation.SystemProfileValueSource] for class [com.example.bddspring1570609081.DemoApplicationTests]
08:34:01.015 [main] DEBUG org.springframework.test.context.support.TestPropertySourceUtils - Adding inlined properties to environment: {spring.jmx.enabled=false, org.springframework.boot.test.context.SpringBootTestContextBootstrapper=true, server.port=-1}

  .   ____          _            __ _ _
 /\\ / ___'_ __ _ _(_)_ __  __ _ \ \ \ \
( ( )\___ | '_ | '_| | '_ \/ _` | \ \ \ \
 \\/  ___)| |_)| | | | | || (_| |  ) ) ) )
  '  |____| .__|_| |_|_| |_\__, | / / / /
 =========|_|==============|___/=/_/_/_/
 :: Spring Boot ::        (v2.1.9.RELEASE)

2019-10-09 08:34:01.771  INFO 62 --- [           main] c.e.b.DemoApplicationTests               : Starting DemoApplicationTests on cb-kubecd-bdd-spring-1570609081-ft4n2-1-from-build-pack-2x66f-p with PID 62 (started by root in /workspace/source)
2019-10-09 08:34:01.774  INFO 62 --- [           main] c.e.b.DemoApplicationTests               : No active profile set, falling back to default profiles: default
2019-10-09 08:34:07.388  INFO 62 --- [           main] o.s.s.concurrent.ThreadPoolTaskExecutor  : Initializing ExecutorService 'applicationTaskExecutor'
2019-10-09 08:34:09.074  INFO 62 --- [           main] o.s.b.a.e.web.EndpointLinksResolver      : Exposing 2 endpoint(s) beneath base path '/actuator'
2019-10-09 08:34:09.210  INFO 62 --- [           main] c.e.b.DemoApplicationTests               : Started DemoApplicationTests in 8.175 seconds (JVM running for 9.603)
[INFO] Tests run: 1, Failures: 0, Errors: 0, Skipped: 0, Time elapsed: 9.43 s - in com.example.bddspring1570609081.DemoApplicationTests
2019-10-09 08:34:09.558  INFO 62 --- [       Thread-2] o.s.s.concurrent.ThreadPoolTaskExecutor  : Shutting down ExecutorService 'applicationTaskExecutor'
[INFO] 
[INFO] Results:
[INFO] 
[INFO] Tests run: 1, Failures: 0, Errors: 0, Skipped: 0
[INFO] 
[INFO] 
[INFO] --- maven-jar-plugin:3.1.2:jar (default-jar) @ bdd-spring-1570609081 ---
[INFO] Building jar: /workspace/source/target/bdd-spring-1570609081-0.0.0-SNAPSHOT-PR-1-1.jar
[INFO] 
[INFO] --- spring-boot-maven-plugin:2.1.9.RELEASE:repackage (repackage) @ bdd-spring-1570609081 ---
[INFO] Replacing main artifact with repackaged archive
[INFO] 
[INFO] --- maven-install-plugin:2.5.2:install (default-install) @ bdd-spring-1570609081 ---
[INFO] Installing /workspace/source/target/bdd-spring-1570609081-0.0.0-SNAPSHOT-PR-1-1.jar to /home/jenkins/.mvnrepository/com/example/bdd-spring-1570609081/0.0.0-SNAPSHOT-PR-1-1/bdd-spring-1570609081-0.0.0-SNAPSHOT-PR-1-1.jar
[INFO] Installing /workspace/source/pom.xml to /home/jenkins/.mvnrepository/com/example/bdd-spring-1570609081/0.0.0-SNAPSHOT-PR-1-1/bdd-spring-1570609081-0.0.0-SNAPSHOT-PR-1-1.pom
[INFO] ------------------------------------------------------------------------
[INFO] BUILD SUCCESS
[INFO] ------------------------------------------------------------------------
[INFO] Total time:  27.199 s
[INFO] Finished at: 2019-10-09T08:34:14Z
[INFO] ------------------------------------------------------------------------

Showing logs for build [32mcb-kubecd-bdd-spring-1570609081-ft4n2-1[0m stage [32mfrom-build-pack[0m and container [32mstep-build-skaffold-version[0m
v0.37.0

Showing logs for build [32mcb-kubecd-bdd-spring-1570609081-ft4n2-1[0m stage [32mfrom-build-pack[0m and container [32mstep-build-container-build[0m
[36mINFO[0m[0000] Downloading base image openjdk:8-jdk-slim    
ERROR: logging before flag.Parse: E1009 08:34:15.412323      10 metadata.go:142] while reading 'google-dockercfg' metadata: http status code: 404 while fetching url http://metadata.google.internal./computeMetadata/v1/instance/attributes/google-dockercfg
ERROR: logging before flag.Parse: E1009 08:34:15.418913      10 metadata.go:159] while reading 'google-dockercfg-url' metadata: http status code: 404 while fetching url http://metadata.google.internal./computeMetadata/v1/instance/attributes/google-dockercfg-url
2019/10/09 08:34:15 No matching credentials were found, falling back on anonymous
[36mINFO[0m[0001] Error while retrieving image from cache: getting file info: stat /workspace/sha256:1856fc4560475f8bdc32f55d630a4c1beea5593c1d9cd494963db2cdf9d18a38: no such file or directory 
[36mINFO[0m[0001] Downloading base image openjdk:8-jdk-slim    
2019/10/09 08:34:16 No matching credentials were found, falling back on anonymous
[36mINFO[0m[0002] cmd: EXPOSE                                  
[36mINFO[0m[0002] Adding exposed port: 8080/tcp                
[36mINFO[0m[0002] Using files from context: [/workspace/source/pom.xml] 
[36mINFO[0m[0002] Using files from context: [/workspace/source/target/bdd-spring-1570609081-0.0.0-SNAPSHOT-PR-1-1.jar] 
[36mINFO[0m[0002] Skipping unpacking as no commands require it. 
[36mINFO[0m[0002] Taking snapshot of full filesystem...        
[36mINFO[0m[0002] ENV PORT 8080                                
[36mINFO[0m[0002] No files changed in this command, skipping snapshotting. 
[36mINFO[0m[0002] ENV CLASSPATH /opt/lib                       
[36mINFO[0m[0002] No files changed in this command, skipping snapshotting. 
[36mINFO[0m[0002] EXPOSE 8080                                  
[36mINFO[0m[0002] cmd: EXPOSE                                  
[36mINFO[0m[0002] Adding exposed port: 8080/tcp                
[36mINFO[0m[0002] No files changed in this command, skipping snapshotting. 
[36mINFO[0m[0002] Using files from context: [/workspace/source/pom.xml] 
[36mINFO[0m[0002] COPY pom.xml target/lib* /opt/lib/           
[36mINFO[0m[0002] Taking snapshot of files...                  
[36mINFO[0m[0002] Using files from context: [/workspace/source/target/bdd-spring-1570609081-0.0.0-SNAPSHOT-PR-1-1.jar] 
[36mINFO[0m[0002] COPY target/*.jar /opt/app.jar               
[36mINFO[0m[0002] Taking snapshot of files...                  
[36mINFO[0m[0002] WORKDIR /opt                                 
[36mINFO[0m[0002] cmd: workdir                                 
[36mINFO[0m[0002] Changed working directory to /opt            
[36mINFO[0m[0002] No files changed in this command, skipping snapshotting. 
[36mINFO[0m[0002] CMD ["java", "-XX:+UnlockExperimentalVMOptions", "-XX:+UseCGroupMemoryLimitForHeap", "-jar", "app.jar"] 
[36mINFO[0m[0002] No files changed in this command, skipping snapshotting. 
2019/10/09 08:34:18 existing blob: sha256:3198ebe941513b3be7ff20096fa6f22dc7a8d0f08b20993419825b25acbf050b
2019/10/09 08:34:18 existing blob: sha256:377e264464ddccb9550cff64ba470dfdb784acdb2ff265ae333b9215fc873b08
2019/10/09 08:34:18 existing blob: sha256:b8f262c62ec67f02536f49654de586c022043652bbb6bbf76a8dab1542627a8d
2019/10/09 08:34:18 existing blob: sha256:14378903d43db9959a5a046c178ca638c7de1be299cab8830d50651eb785f2ec
2019/10/09 08:34:21 pushed blob: sha256:bd389002f56879abf63f7bfd073eaaf9be33da929bb9467ea5232612ef91e9cf
2019/10/09 08:34:21 pushed blob: sha256:0dff605e290902b60d405960e7cd5ecc7b4f8a6924e1009274dc407d88286867
2019/10/09 08:34:23 pushed blob: sha256:496d6a24d3b5bccd31e6fe4defbf5752503043805976b4bf40f13e053232c9e7
2019/10/09 08:34:25 gcr.io/jenkins-x-bdd3/bdd-spring-1570609081:0.0.0-SNAPSHOT-PR-1-1: digest: sha256:9972f143d65155f219dcba97ff3580f9890617176e71d6f52d9783f4499f14b3 size: 1244

Showing logs for build [32mcb-kubecd-bdd-spring-1570609081-ft4n2-1[0m stage [32mfrom-build-pack[0m and container [32mstep-postbuild-post-build[0m
no CVE provider running in the current ** namespace so skip adding image to be analysed

Showing logs for build [32mcb-kubecd-bdd-spring-1570609081-ft4n2-1[0m stage [32mfrom-build-pack[0m and container [32mstep-promote-make-preview[0m
sed -i -e "s/version:.*/version: 0.0.0-SNAPSHOT-PR-1-1/" Chart.yaml
sed -i -e "s/version:.*/version: 0.0.0-SNAPSHOT-PR-1-1/" ../*/Chart.yaml
sed -i -e "s|repository:.*|repository: gcr.io\/jenkins-x-bdd3\/bdd-spring-1570609081|" values.yaml
sed -i -e "s/tag:.*/tag: 0.0.0-SNAPSHOT-PR-1-1/" values.yaml
echo "  version: 0.0.0-SNAPSHOT-PR-1-1" >> requirements.yaml
** step helm build
WARNING: No $CHART_REPOSITORY defined so using the default value of: http://jenkins-x-chartmuseum:8080
Adding missing Helm repo: storage.googleapis.com https://storage.googleapis.com/chartmuseum.jenkins-x.io
Read credentials for https://storage.googleapis.com/chartmuseum.jenkins-x.io from vault helm/repos
Successfully added Helm repository storage.googleapis.com.
Adding missing Helm repo: jenkins-x-chartmuseum http://jenkins-x-chartmuseum:8080
Read credentials for http://jenkins-x-chartmuseum:8080 from vault helm/repos
Successfully added Helm repository jenkins-x-chartmuseum.
WARNING: No $CHART_REPOSITORY defined so using the default value of: http://jenkins-x-chartmuseum:8080
Adding missing Helm repo: chartmuseum.jenkins-x.io http://chartmuseum.jenkins-x.io
Read credentials for http://chartmuseum.jenkins-x.io from vault helm/repos
Successfully added Helm repository chartmuseum.jenkins-x.io.

Showing logs for build [32mcb-kubecd-bdd-spring-1570609081-ft4n2-1[0m stage [32mfrom-build-pack[0m and container [32mstep-promote-jx-preview[0m
Creating a preview
WARNING: No author for commit: 26a77998a4baeadc5c1b2a69519b1e60345a2a2a
Created environment cb-kubecd-bdd-spring-1570609081-pr-1
Namespace **-cb-kubecd-bdd-spring-1570609081-pr-1 created 
expose:
  Annotations:
    helm.sh/hook: post-install,post-upgrade
    helm.sh/hook-delete-policy: hook-succeeded
  config:
    domain: c**d7.bdd.jenkins-x.rocks
    exposer: Ingress
    http: "true"
preview:
  image:
    repository: gcr.io/jenkins-x-bdd3/bdd-spring-1570609081
    tag: 0.0.0-SNAPSHOT-PR-1-1
Deleting and cloning the Jenkins X versions repo
Cloning the Jenkins X versions repo https://github.com/cloudbees/cloudbees-jenkins-x-versions.git with revision f29ea3881040f1633663ad7a81892fbf723cc6df to /builder/home/.**/jenkins-x-versions
From https://github.com/cloudbees/cloudbees-jenkins-x-versions
 * branch            f29ea3881040f1633663ad7a81892fbf723cc6df -> FETCH_HEAD


Updating PipelineActivities cb-kubecd-bdd-spring-1570609081-pr-1-1 which has status Running
WARNING: preview application http://bdd-spring-1570609081.**-cb-kubecd-bdd-spring-1570609081-pr-1.c**d7.bdd.jenkins-x.rocks not available, error was Get http://bdd-spring-1570609081.**-cb-kubecd-bdd-spring-1570609081-pr-1.c**d7.bdd.jenkins-x.rocks: dial tcp: lookup bdd-spring-1570609081.**-cb-kubecd-bdd-spring-1570609081-pr-1.c**d7.bdd.jenkins-x.rocks on 10.11.240.10:53: no such host, delaying for: 1.050146921s
WARNING: preview application http://bdd-spring-1570609081.**-cb-kubecd-bdd-spring-1570609081-pr-1.c**d7.bdd.jenkins-x.rocks not available, error was Get http://bdd-spring-1570609081.**-cb-kubecd-bdd-spring-1570609081-pr-1.c**d7.bdd.jenkins-x.rocks: dial tcp: lookup bdd-spring-1570609081.**-cb-kubecd-bdd-spring-1570609081-pr-1.c**d7.bdd.jenkins-x.rocks on 10.11.240.10:53: no such host, delaying for: 2.123731972s
WARNING: preview application http://bdd-spring-1570609081.**-cb-kubecd-bdd-spring-1570609081-pr-1.c**d7.bdd.jenkins-x.rocks not available, error was Get http://bdd-spring-1570609081.**-cb-kubecd-bdd-spring-1570609081-pr-1.c**d7.bdd.jenkins-x.rocks: dial tcp: lookup bdd-spring-1570609081.**-cb-kubecd-bdd-spring-1570609081-pr-1.c**d7.bdd.jenkins-x.rocks on 10.11.240.10:53: no such host, delaying for: 2.458403445s
WARNING: preview application http://bdd-spring-1570609081.**-cb-kubecd-bdd-spring-1570609081-pr-1.c**d7.bdd.jenkins-x.rocks not available, error was Get http://bdd-spring-1570609081.**-cb-kubecd-bdd-spring-1570609081-pr-1.c**d7.bdd.jenkins-x.rocks: dial tcp: lookup bdd-spring-1570609081.**-cb-kubecd-bdd-spring-1570609081-pr-1.c**d7.bdd.jenkins-x.rocks on 10.11.240.10:53: no such host, delaying for: 3.806441792s
WARNING: preview application http://bdd-spring-1570609081.**-cb-kubecd-bdd-spring-1570609081-pr-1.c**d7.bdd.jenkins-x.rocks not available, error was Get http://bdd-spring-1570609081.**-cb-kubecd-bdd-spring-1570609081-pr-1.c**d7.bdd.jenkins-x.rocks: dial tcp: lookup bdd-spring-1570609081.**-cb-kubecd-bdd-spring-1570609081-pr-1.c**d7.bdd.jenkins-x.rocks on 10.11.240.10:53: no such host, delaying for: 6.567118239s
WARNING: preview application http://bdd-spring-1570609081.**-cb-kubecd-bdd-spring-1570609081-pr-1.c**d7.bdd.jenkins-x.rocks not available, error was Get http://bdd-spring-1570609081.**-cb-kubecd-bdd-spring-1570609081-pr-1.c**d7.bdd.jenkins-x.rocks: dial tcp: lookup bdd-spring-1570609081.**-cb-kubecd-bdd-spring-1570609081-pr-1.c**d7.bdd.jenkins-x.rocks on 10.11.240.10:53: no such host, delaying for: 6.190486398s
WARNING: preview application http://bdd-spring-1570609081.**-cb-kubecd-bdd-spring-1570609081-pr-1.c**d7.bdd.jenkins-x.rocks not available, error was Get http://bdd-spring-1570609081.**-cb-kubecd-bdd-spring-1570609081-pr-1.c**d7.bdd.jenkins-x.rocks: dial tcp: lookup bdd-spring-1570609081.**-cb-kubecd-bdd-spring-1570609081-pr-1.c**d7.bdd.jenkins-x.rocks on 10.11.240.10:53: no such host, delaying for: 5.84140762s
WARNING: preview application http://bdd-spring-1570609081.**-cb-kubecd-bdd-spring-1570609081-pr-1.c**d7.bdd.jenkins-x.rocks not available, error was Get http://bdd-spring-1570609081.**-cb-kubecd-bdd-spring-1570609081-pr-1.c**d7.bdd.jenkins-x.rocks: dial tcp: lookup bdd-spring-1570609081.**-cb-kubecd-bdd-spring-1570609081-pr-1.c**d7.bdd.jenkins-x.rocks on 10.11.240.10:53: no such host, delaying for: 14.204706135s
WARNING: preview application http://bdd-spring-1570609081.**-cb-kubecd-bdd-spring-1570609081-pr-1.c**d7.bdd.jenkins-x.rocks not available, error was Get http://bdd-spring-1570609081.**-cb-kubecd-bdd-spring-1570609081-pr-1.c**d7.bdd.jenkins-x.rocks: dial tcp: lookup bdd-spring-1570609081.**-cb-kubecd-bdd-spring-1570609081-pr-1.c**d7.bdd.jenkins-x.rocks on 10.11.240.10:53: no such host, delaying for: 37.773980375s
WARNING: preview application http://bdd-spring-1570609081.**-cb-kubecd-bdd-spring-1570609081-pr-1.c**d7.bdd.jenkins-x.rocks not available, error was Get http://bdd-spring-1570609081.**-cb-kubecd-bdd-spring-1570609081-pr-1.c**d7.bdd.jenkins-x.rocks: dial tcp: lookup bdd-spring-1570609081.**-cb-kubecd-bdd-spring-1570609081-pr-1.c**d7.bdd.jenkins-x.rocks on 10.11.240.10:53: no such host, delaying for: 55.738381144s
WARNING: preview application http://bdd-spring-1570609081.**-cb-kubecd-bdd-spring-1570609081-pr-1.c**d7.bdd.jenkins-x.rocks not available, error was Get http://bdd-spring-1570609081.**-cb-kubecd-bdd-spring-1570609081-pr-1.c**d7.bdd.jenkins-x.rocks: dial tcp: lookup bdd-spring-1570609081.**-cb-kubecd-bdd-spring-1570609081-pr-1.c**d7.bdd.jenkins-x.rocks on 10.11.240.10:53: no such host, delaying for: 1m4.921413071s
WARNING: preview application http://bdd-spring-1570609081.**-cb-kubecd-bdd-spring-1570609081-pr-1.c**d7.bdd.jenkins-x.rocks not available, error was Get http://bdd-spring-1570609081.**-cb-kubecd-bdd-spring-1570609081-pr-1.c**d7.bdd.jenkins-x.rocks: dial tcp: lookup bdd-spring-1570609081.**-cb-kubecd-bdd-spring-1570609081-pr-1.c**d7.bdd.jenkins-x.rocks on 10.11.240.10:53: no such host, delaying for: 1m15.104434734s
WARNING: preview application http://bdd-spring-1570609081.**-cb-kubecd-bdd-spring-1570609081-pr-1.c**d7.bdd.jenkins-x.rocks not available, error was Get http://bdd-spring-1570609081.**-cb-kubecd-bdd-spring-1570609081-pr-1.c**d7.bdd.jenkins-x.rocks: dial tcp: lookup bdd-spring-1570609081.**-cb-kubecd-bdd-spring-1570609081-pr-1.c**d7.bdd.jenkins-x.rocks on 10.11.240.10:53: no such host, delaying for: 48.630616573s
Preview application is now available at: http://bdd-spring-1570609081.**-cb-kubecd-bdd-spring-1570609081-pr-1.c**d7.bdd.jenkins-x.rocks
